<?xml version="1.0" encoding="UTF-8"?>
<!-- Generated by org.testng.reporters.JUnitReportReporter -->
<testsuite skipped="0" hostname="LAPTOP-9UH8UODH" name="TestNGPack.TestNg1.Login" tests="1" failures="0" timestamp="02 Aug 2019 20:45:09 GMT" time="7.227" errors="0">
  <testcase name="login" time="7.227" classname="TestNGPack.TestNg1.Login"/>
</testsuite> <!-- TestNGPack.TestNg1.Login -->
