<?xml version="1.0" encoding="UTF-8"?>
<!-- Generated by org.testng.reporters.JUnitReportReporter -->
<testsuite skipped="0" hostname="LAPTOP-9UH8UODH" name="TestNGPack.TestNg1.SignupBt" tests="1" failures="0" timestamp="02 Aug 2019 21:04:53 GMT" time="6.313" errors="0">
  <testcase name="signupbutton" time="6.313" classname="TestNGPack.TestNg1.SignupBt"/>
</testsuite> <!-- TestNGPack.TestNg1.SignupBt -->
